2026-03-18 00:52:56 [INFO] ============================================================
2026-03-18 00:52:56 [INFO] PIPELINE START [DRY RUN]
2026-03-18 00:52:56 [INFO] ============================================================
2026-03-18 00:52:56 [INFO] --- PHASE 1: EXTRACT ---
2026-03-18 00:52:56 [WARNING] [EXTRACT] File not found, skipping: data/raw/olist_orders_dataset.csv
2026-03-18 00:52:56 [WARNING] [EXTRACT] File not found, skipping: data/raw/olist_order_items_dataset.csv
2026-03-18 00:52:56 [WARNING] [EXTRACT] File not found, skipping: data/raw/olist_customers_dataset.csv
2026-03-18 00:52:56 [WARNING] [EXTRACT] File not found, skipping: data/raw/olist_products_dataset.csv
2026-03-18 00:52:56 [WARNING] [EXTRACT] File not found, skipping: data/raw/olist_sellers_dataset.csv
2026-03-18 00:52:56 [WARNING] [EXTRACT] File not found, skipping: data/raw/olist_order_payments_dataset.csv
2026-03-18 00:52:56 [WARNING] [EXTRACT] File not found, skipping: data/raw/olist_order_reviews_dataset.csv
2026-03-18 00:52:56 [WARNING] [EXTRACT] File not found, skipping: data/raw/olist_geolocation_dataset.csv
2026-03-18 00:52:56 [INFO] [EXTRACT] Done — 0 files extracted
2026-03-18 00:52:56 [INFO] --- PHASE 2: TRANSFORM ---
2026-03-18 00:52:56 [ERROR] [TRANSFORM] Failed: object of type 'NoneType' has no len()
2026-03-18 00:55:10 [INFO] ============================================================
2026-03-18 00:55:10 [INFO] PIPELINE START [DRY RUN]
2026-03-18 00:55:10 [INFO] ============================================================
2026-03-18 00:55:10 [INFO] --- PHASE 1: EXTRACT ---
2026-03-18 00:55:10 [INFO] [EXTRACT] Reading olist_orders_dataset.csv ...
2026-03-18 00:55:10 [INFO] [EXTRACT] orders: 99,441 rows loaded
2026-03-18 00:55:10 [INFO] [EXTRACT] Reading olist_order_items_dataset.csv ...
2026-03-18 00:55:10 [INFO] [EXTRACT] order_items: 112,650 rows loaded
2026-03-18 00:55:10 [INFO] [EXTRACT] Reading olist_customers_dataset.csv ...
2026-03-18 00:55:10 [INFO] [EXTRACT] customers: 99,441 rows loaded
2026-03-18 00:55:10 [INFO] [EXTRACT] Reading olist_products_dataset.csv ...
2026-03-18 00:55:10 [INFO] [EXTRACT] products: 32,951 rows loaded
2026-03-18 00:55:10 [INFO] [EXTRACT] Reading olist_sellers_dataset.csv ...
2026-03-18 00:55:10 [INFO] [EXTRACT] sellers: 3,095 rows loaded
2026-03-18 00:55:10 [INFO] [EXTRACT] Reading olist_order_payments_dataset.csv ...
2026-03-18 00:55:10 [INFO] [EXTRACT] payments: 103,886 rows loaded
2026-03-18 00:55:10 [INFO] [EXTRACT] Reading olist_order_reviews_dataset.csv ...
2026-03-18 00:55:10 [INFO] [EXTRACT] reviews: 99,224 rows loaded
2026-03-18 00:55:10 [INFO] [EXTRACT] Reading olist_geolocation_dataset.csv ...
2026-03-18 00:55:11 [INFO] [EXTRACT] geolocation: 1,000,163 rows loaded
2026-03-18 00:55:11 [INFO] [EXTRACT] Done — 8 files extracted
2026-03-18 00:55:11 [INFO] --- PHASE 2: TRANSFORM ---
2026-03-18 00:55:11 [INFO] [TRANSFORM] clean_orders start — rows: 99,441
2026-03-18 00:55:11 [INFO] [TRANSFORM] clean_orders: dropped 0 null order_id rows
2026-03-18 00:55:11 [INFO] [TRANSFORM] clean_orders done — rows: 99,441
2026-03-18 00:55:11 [INFO] [TRANSFORM] enrich_orders start
2026-03-18 00:55:11 [INFO] [TRANSFORM] enrich_orders done — rows: 99,441
2026-03-18 00:55:11 [INFO] [TRANSFORM] clean_customers start — rows: 99,441
2026-03-18 00:55:11 [INFO] [TRANSFORM] clean_customers: removed 0 duplicates
2026-03-18 00:55:11 [INFO] [TRANSFORM] clean_customers done — rows: 99,441
2026-03-18 00:55:11 [INFO] [TRANSFORM] clean_products start — rows: 32,951
2026-03-18 00:55:11 [INFO] [TRANSFORM] clean_products done — rows: 32,951
2026-03-18 00:55:11 [INFO] [TRANSFORM] clean_payments start — rows: 103,886
2026-03-18 00:55:11 [INFO] [TRANSFORM] clean_payments: removed 9 zero-value rows
2026-03-18 00:55:11 [INFO] [TRANSFORM] clean_payments done — rows: 103,877
2026-03-18 00:55:11 [INFO] [TRANSFORM] build_date_dimension: 2016-01-01 to 2019-12-31
2026-03-18 00:55:11 [INFO] [TRANSFORM] build_date_dimension done — 1,461 rows
2026-03-18 00:55:11 [INFO] [TRANSFORM] stg_orders: 99,441 rows ready
2026-03-18 00:55:11 [INFO] [TRANSFORM] stg_customers: 99,441 rows ready
2026-03-18 00:55:11 [INFO] [TRANSFORM] stg_products: 32,951 rows ready
2026-03-18 00:55:11 [INFO] [TRANSFORM] stg_payments: 103,877 rows ready
2026-03-18 00:55:11 [INFO] [TRANSFORM] stg_sellers: 3,095 rows ready
2026-03-18 00:55:11 [INFO] [TRANSFORM] stg_reviews: 99,224 rows ready
2026-03-18 00:55:11 [INFO] [TRANSFORM] stg_order_items: 112,650 rows ready
2026-03-18 00:55:11 [INFO] [TRANSFORM] stg_dim_date: 1,461 rows ready
2026-03-18 00:55:11 [INFO] --- PHASE 3: LOAD (SKIPPED — dry run) ---
2026-03-18 00:55:11 [INFO] ============================================================
2026-03-18 00:55:11 [INFO] PIPELINE COMPLETE in 1.4s [DRY RUN]
2026-03-18 00:55:11 [INFO] ============================================================
2026-03-18 00:56:27 [INFO] ============================================================
2026-03-18 00:56:27 [INFO] PIPELINE START
2026-03-18 00:56:27 [INFO] ============================================================
2026-03-18 00:56:27 [INFO] --- PHASE 1: EXTRACT ---
2026-03-18 00:56:27 [INFO] [EXTRACT] Reading olist_orders_dataset.csv ...
2026-03-18 00:56:27 [INFO] [EXTRACT] orders: 99,441 rows loaded
2026-03-18 00:56:27 [INFO] [EXTRACT] Reading olist_order_items_dataset.csv ...
2026-03-18 00:56:27 [INFO] [EXTRACT] order_items: 112,650 rows loaded
2026-03-18 00:56:27 [INFO] [EXTRACT] Reading olist_customers_dataset.csv ...
2026-03-18 00:56:27 [INFO] [EXTRACT] customers: 99,441 rows loaded
2026-03-18 00:56:27 [INFO] [EXTRACT] Reading olist_products_dataset.csv ...
2026-03-18 00:56:27 [INFO] [EXTRACT] products: 32,951 rows loaded
2026-03-18 00:56:27 [INFO] [EXTRACT] Reading olist_sellers_dataset.csv ...
2026-03-18 00:56:27 [INFO] [EXTRACT] sellers: 3,095 rows loaded
2026-03-18 00:56:27 [INFO] [EXTRACT] Reading olist_order_payments_dataset.csv ...
2026-03-18 00:56:27 [INFO] [EXTRACT] payments: 103,886 rows loaded
2026-03-18 00:56:27 [INFO] [EXTRACT] Reading olist_order_reviews_dataset.csv ...
2026-03-18 00:56:27 [INFO] [EXTRACT] reviews: 99,224 rows loaded
2026-03-18 00:56:27 [INFO] [EXTRACT] Reading olist_geolocation_dataset.csv ...
2026-03-18 00:56:28 [INFO] [EXTRACT] geolocation: 1,000,163 rows loaded
2026-03-18 00:56:28 [INFO] [EXTRACT] Done — 8 files extracted
2026-03-18 00:56:28 [INFO] --- PHASE 2: TRANSFORM ---
2026-03-18 00:56:28 [INFO] [TRANSFORM] clean_orders start — rows: 99,441
2026-03-18 00:56:28 [INFO] [TRANSFORM] clean_orders: dropped 0 null order_id rows
2026-03-18 00:56:28 [INFO] [TRANSFORM] clean_orders done — rows: 99,441
2026-03-18 00:56:28 [INFO] [TRANSFORM] enrich_orders start
2026-03-18 00:56:28 [INFO] [TRANSFORM] enrich_orders done — rows: 99,441
2026-03-18 00:56:28 [INFO] [TRANSFORM] clean_customers start — rows: 99,441
2026-03-18 00:56:28 [INFO] [TRANSFORM] clean_customers: removed 0 duplicates
2026-03-18 00:56:28 [INFO] [TRANSFORM] clean_customers done — rows: 99,441
2026-03-18 00:56:28 [INFO] [TRANSFORM] clean_products start — rows: 32,951
2026-03-18 00:56:28 [INFO] [TRANSFORM] clean_products done — rows: 32,951
2026-03-18 00:56:28 [INFO] [TRANSFORM] clean_payments start — rows: 103,886
2026-03-18 00:56:28 [INFO] [TRANSFORM] clean_payments: removed 9 zero-value rows
2026-03-18 00:56:28 [INFO] [TRANSFORM] clean_payments done — rows: 103,877
2026-03-18 00:56:28 [INFO] [TRANSFORM] build_date_dimension: 2016-01-01 to 2019-12-31
2026-03-18 00:56:28 [INFO] [TRANSFORM] build_date_dimension done — 1,461 rows
2026-03-18 00:56:28 [INFO] [TRANSFORM] stg_orders: 99,441 rows ready
2026-03-18 00:56:28 [INFO] [TRANSFORM] stg_customers: 99,441 rows ready
2026-03-18 00:56:28 [INFO] [TRANSFORM] stg_products: 32,951 rows ready
2026-03-18 00:56:28 [INFO] [TRANSFORM] stg_payments: 103,877 rows ready
2026-03-18 00:56:28 [INFO] [TRANSFORM] stg_sellers: 3,095 rows ready
2026-03-18 00:56:28 [INFO] [TRANSFORM] stg_reviews: 99,224 rows ready
2026-03-18 00:56:28 [INFO] [TRANSFORM] stg_order_items: 112,650 rows ready
2026-03-18 00:56:28 [INFO] [TRANSFORM] stg_dim_date: 1,461 rows ready
2026-03-18 00:56:28 [INFO] --- PHASE 3: LOAD ---
2026-03-18 00:56:28 [ERROR] [LOAD] Failed: DB_URL not set. Add it to your .env file:
DB_URL=postgresql://postgres:secret@localhost:5432/ecommerce
2026-03-18 00:58:04 [INFO] ============================================================
2026-03-18 00:58:04 [INFO] PIPELINE START
2026-03-18 00:58:04 [INFO] ============================================================
2026-03-18 00:58:04 [INFO] --- PHASE 1: EXTRACT ---
2026-03-18 00:58:04 [INFO] [EXTRACT] Reading olist_orders_dataset.csv ...
2026-03-18 00:58:05 [INFO] [EXTRACT] orders: 99,441 rows loaded
2026-03-18 00:58:05 [INFO] [EXTRACT] Reading olist_order_items_dataset.csv ...
2026-03-18 00:58:05 [INFO] [EXTRACT] order_items: 112,650 rows loaded
2026-03-18 00:58:05 [INFO] [EXTRACT] Reading olist_customers_dataset.csv ...
2026-03-18 00:58:05 [INFO] [EXTRACT] customers: 99,441 rows loaded
2026-03-18 00:58:05 [INFO] [EXTRACT] Reading olist_products_dataset.csv ...
2026-03-18 00:58:05 [INFO] [EXTRACT] products: 32,951 rows loaded
2026-03-18 00:58:05 [INFO] [EXTRACT] Reading olist_sellers_dataset.csv ...
2026-03-18 00:58:05 [INFO] [EXTRACT] sellers: 3,095 rows loaded
2026-03-18 00:58:05 [INFO] [EXTRACT] Reading olist_order_payments_dataset.csv ...
2026-03-18 00:58:05 [INFO] [EXTRACT] payments: 103,886 rows loaded
2026-03-18 00:58:05 [INFO] [EXTRACT] Reading olist_order_reviews_dataset.csv ...
2026-03-18 00:58:05 [INFO] [EXTRACT] reviews: 99,224 rows loaded
2026-03-18 00:58:05 [INFO] [EXTRACT] Reading olist_geolocation_dataset.csv ...
2026-03-18 00:58:06 [INFO] [EXTRACT] geolocation: 1,000,163 rows loaded
2026-03-18 00:58:06 [INFO] [EXTRACT] Done — 8 files extracted
2026-03-18 00:58:06 [INFO] --- PHASE 2: TRANSFORM ---
2026-03-18 00:58:06 [INFO] [TRANSFORM] clean_orders start — rows: 99,441
2026-03-18 00:58:06 [INFO] [TRANSFORM] clean_orders: dropped 0 null order_id rows
2026-03-18 00:58:06 [INFO] [TRANSFORM] clean_orders done — rows: 99,441
2026-03-18 00:58:06 [INFO] [TRANSFORM] enrich_orders start
2026-03-18 00:58:06 [INFO] [TRANSFORM] enrich_orders done — rows: 99,441
2026-03-18 00:58:06 [INFO] [TRANSFORM] clean_customers start — rows: 99,441
2026-03-18 00:58:06 [INFO] [TRANSFORM] clean_customers: removed 0 duplicates
2026-03-18 00:58:06 [INFO] [TRANSFORM] clean_customers done — rows: 99,441
2026-03-18 00:58:06 [INFO] [TRANSFORM] clean_products start — rows: 32,951
2026-03-18 00:58:06 [INFO] [TRANSFORM] clean_products done — rows: 32,951
2026-03-18 00:58:06 [INFO] [TRANSFORM] clean_payments start — rows: 103,886
2026-03-18 00:58:06 [INFO] [TRANSFORM] clean_payments: removed 9 zero-value rows
2026-03-18 00:58:06 [INFO] [TRANSFORM] clean_payments done — rows: 103,877
2026-03-18 00:58:06 [INFO] [TRANSFORM] build_date_dimension: 2016-01-01 to 2019-12-31
2026-03-18 00:58:06 [INFO] [TRANSFORM] build_date_dimension done — 1,461 rows
2026-03-18 00:58:06 [INFO] [TRANSFORM] stg_orders: 99,441 rows ready
2026-03-18 00:58:06 [INFO] [TRANSFORM] stg_customers: 99,441 rows ready
2026-03-18 00:58:06 [INFO] [TRANSFORM] stg_products: 32,951 rows ready
2026-03-18 00:58:06 [INFO] [TRANSFORM] stg_payments: 103,877 rows ready
2026-03-18 00:58:06 [INFO] [TRANSFORM] stg_sellers: 3,095 rows ready
2026-03-18 00:58:06 [INFO] [TRANSFORM] stg_reviews: 99,224 rows ready
2026-03-18 00:58:06 [INFO] [TRANSFORM] stg_order_items: 112,650 rows ready
2026-03-18 00:58:06 [INFO] [TRANSFORM] stg_dim_date: 1,461 rows ready
2026-03-18 00:58:06 [INFO] --- PHASE 3: LOAD ---
2026-03-18 00:58:06 [ERROR] [LOAD] Failed: DB_URL not set. Add it to your .env file:
DB_URL=postgresql://postgres:secret@localhost:5432/ecommerce
2026-03-18 00:59:25 [INFO] ============================================================
2026-03-18 00:59:25 [INFO] PIPELINE START
2026-03-18 00:59:25 [INFO] ============================================================
2026-03-18 00:59:25 [INFO] --- PHASE 1: EXTRACT ---
2026-03-18 00:59:25 [INFO] [EXTRACT] Reading olist_orders_dataset.csv ...
2026-03-18 00:59:25 [INFO] [EXTRACT] orders: 99,441 rows loaded
2026-03-18 00:59:25 [INFO] [EXTRACT] Reading olist_order_items_dataset.csv ...
2026-03-18 00:59:25 [INFO] [EXTRACT] order_items: 112,650 rows loaded
2026-03-18 00:59:25 [INFO] [EXTRACT] Reading olist_customers_dataset.csv ...
2026-03-18 00:59:25 [INFO] [EXTRACT] customers: 99,441 rows loaded
2026-03-18 00:59:25 [INFO] [EXTRACT] Reading olist_products_dataset.csv ...
2026-03-18 00:59:25 [INFO] [EXTRACT] products: 32,951 rows loaded
2026-03-18 00:59:25 [INFO] [EXTRACT] Reading olist_sellers_dataset.csv ...
2026-03-18 00:59:25 [INFO] [EXTRACT] sellers: 3,095 rows loaded
2026-03-18 00:59:25 [INFO] [EXTRACT] Reading olist_order_payments_dataset.csv ...
2026-03-18 00:59:25 [INFO] [EXTRACT] payments: 103,886 rows loaded
2026-03-18 00:59:25 [INFO] [EXTRACT] Reading olist_order_reviews_dataset.csv ...
2026-03-18 00:59:25 [INFO] [EXTRACT] reviews: 99,224 rows loaded
2026-03-18 00:59:25 [INFO] [EXTRACT] Reading olist_geolocation_dataset.csv ...
2026-03-18 00:59:26 [INFO] [EXTRACT] geolocation: 1,000,163 rows loaded
2026-03-18 00:59:26 [INFO] [EXTRACT] Done — 8 files extracted
2026-03-18 00:59:26 [INFO] --- PHASE 2: TRANSFORM ---
2026-03-18 00:59:26 [INFO] [TRANSFORM] clean_orders start — rows: 99,441
2026-03-18 00:59:26 [INFO] [TRANSFORM] clean_orders: dropped 0 null order_id rows
2026-03-18 00:59:26 [INFO] [TRANSFORM] clean_orders done — rows: 99,441
2026-03-18 00:59:26 [INFO] [TRANSFORM] enrich_orders start
2026-03-18 00:59:26 [INFO] [TRANSFORM] enrich_orders done — rows: 99,441
2026-03-18 00:59:26 [INFO] [TRANSFORM] clean_customers start — rows: 99,441
2026-03-18 00:59:26 [INFO] [TRANSFORM] clean_customers: removed 0 duplicates
2026-03-18 00:59:26 [INFO] [TRANSFORM] clean_customers done — rows: 99,441
2026-03-18 00:59:26 [INFO] [TRANSFORM] clean_products start — rows: 32,951
2026-03-18 00:59:26 [INFO] [TRANSFORM] clean_products done — rows: 32,951
2026-03-18 00:59:26 [INFO] [TRANSFORM] clean_payments start — rows: 103,886
2026-03-18 00:59:26 [INFO] [TRANSFORM] clean_payments: removed 9 zero-value rows
2026-03-18 00:59:26 [INFO] [TRANSFORM] clean_payments done — rows: 103,877
2026-03-18 00:59:26 [INFO] [TRANSFORM] build_date_dimension: 2016-01-01 to 2019-12-31
2026-03-18 00:59:26 [INFO] [TRANSFORM] build_date_dimension done — 1,461 rows
2026-03-18 00:59:26 [INFO] [TRANSFORM] stg_orders: 99,441 rows ready
2026-03-18 00:59:26 [INFO] [TRANSFORM] stg_customers: 99,441 rows ready
2026-03-18 00:59:26 [INFO] [TRANSFORM] stg_products: 32,951 rows ready
2026-03-18 00:59:26 [INFO] [TRANSFORM] stg_payments: 103,877 rows ready
2026-03-18 00:59:26 [INFO] [TRANSFORM] stg_sellers: 3,095 rows ready
2026-03-18 00:59:26 [INFO] [TRANSFORM] stg_reviews: 99,224 rows ready
2026-03-18 00:59:26 [INFO] [TRANSFORM] stg_order_items: 112,650 rows ready
2026-03-18 00:59:26 [INFO] [TRANSFORM] stg_dim_date: 1,461 rows ready
2026-03-18 00:59:26 [INFO] --- PHASE 3: LOAD ---
2026-03-18 00:59:26 [ERROR] [LOAD] Failed: DB_URL not set. Add it to your .env file:
DB_URL=postgresql://postgres:secret@localhost:5432/ecommerce
2026-03-18 01:01:18 [INFO] ============================================================
2026-03-18 01:01:18 [INFO] PIPELINE START
2026-03-18 01:01:18 [INFO] ============================================================
2026-03-18 01:01:18 [INFO] --- PHASE 1: EXTRACT ---
2026-03-18 01:01:18 [INFO] [EXTRACT] Reading olist_orders_dataset.csv ...
2026-03-18 01:01:19 [INFO] [EXTRACT] orders: 99,441 rows loaded
2026-03-18 01:01:19 [INFO] [EXTRACT] Reading olist_order_items_dataset.csv ...
2026-03-18 01:01:19 [INFO] [EXTRACT] order_items: 112,650 rows loaded
2026-03-18 01:01:19 [INFO] [EXTRACT] Reading olist_customers_dataset.csv ...
2026-03-18 01:01:19 [INFO] [EXTRACT] customers: 99,441 rows loaded
2026-03-18 01:01:19 [INFO] [EXTRACT] Reading olist_products_dataset.csv ...
2026-03-18 01:01:19 [INFO] [EXTRACT] products: 32,951 rows loaded
2026-03-18 01:01:19 [INFO] [EXTRACT] Reading olist_sellers_dataset.csv ...
2026-03-18 01:01:19 [INFO] [EXTRACT] sellers: 3,095 rows loaded
2026-03-18 01:01:19 [INFO] [EXTRACT] Reading olist_order_payments_dataset.csv ...
2026-03-18 01:01:19 [INFO] [EXTRACT] payments: 103,886 rows loaded
2026-03-18 01:01:19 [INFO] [EXTRACT] Reading olist_order_reviews_dataset.csv ...
2026-03-18 01:01:19 [INFO] [EXTRACT] reviews: 99,224 rows loaded
2026-03-18 01:01:19 [INFO] [EXTRACT] Reading olist_geolocation_dataset.csv ...
2026-03-18 01:01:19 [INFO] [EXTRACT] geolocation: 1,000,163 rows loaded
2026-03-18 01:01:19 [INFO] [EXTRACT] Done — 8 files extracted
2026-03-18 01:01:19 [INFO] --- PHASE 2: TRANSFORM ---
2026-03-18 01:01:19 [INFO] [TRANSFORM] clean_orders start — rows: 99,441
2026-03-18 01:01:19 [INFO] [TRANSFORM] clean_orders: dropped 0 null order_id rows
2026-03-18 01:01:20 [INFO] [TRANSFORM] clean_orders done — rows: 99,441
2026-03-18 01:01:20 [INFO] [TRANSFORM] enrich_orders start
2026-03-18 01:01:20 [INFO] [TRANSFORM] enrich_orders done — rows: 99,441
2026-03-18 01:01:20 [INFO] [TRANSFORM] clean_customers start — rows: 99,441
2026-03-18 01:01:20 [INFO] [TRANSFORM] clean_customers: removed 0 duplicates
2026-03-18 01:01:20 [INFO] [TRANSFORM] clean_customers done — rows: 99,441
2026-03-18 01:01:20 [INFO] [TRANSFORM] clean_products start — rows: 32,951
2026-03-18 01:01:20 [INFO] [TRANSFORM] clean_products done — rows: 32,951
2026-03-18 01:01:20 [INFO] [TRANSFORM] clean_payments start — rows: 103,886
2026-03-18 01:01:20 [INFO] [TRANSFORM] clean_payments: removed 9 zero-value rows
2026-03-18 01:01:20 [INFO] [TRANSFORM] clean_payments done — rows: 103,877
2026-03-18 01:01:20 [INFO] [TRANSFORM] build_date_dimension: 2016-01-01 to 2019-12-31
2026-03-18 01:01:20 [INFO] [TRANSFORM] build_date_dimension done — 1,461 rows
2026-03-18 01:01:20 [INFO] [TRANSFORM] stg_orders: 99,441 rows ready
2026-03-18 01:01:20 [INFO] [TRANSFORM] stg_customers: 99,441 rows ready
2026-03-18 01:01:20 [INFO] [TRANSFORM] stg_products: 32,951 rows ready
2026-03-18 01:01:20 [INFO] [TRANSFORM] stg_payments: 103,877 rows ready
2026-03-18 01:01:20 [INFO] [TRANSFORM] stg_sellers: 3,095 rows ready
2026-03-18 01:01:20 [INFO] [TRANSFORM] stg_reviews: 99,224 rows ready
2026-03-18 01:01:20 [INFO] [TRANSFORM] stg_order_items: 112,650 rows ready
2026-03-18 01:01:20 [INFO] [TRANSFORM] stg_dim_date: 1,461 rows ready
2026-03-18 01:01:20 [INFO] --- PHASE 3: LOAD ---
2026-03-18 01:01:20 [ERROR] [LOAD] Failed: DB_URL not set. Add it to your .env file:
DB_URL=postgresql://postgres:secret@localhost:5432/ecommerce
