2026-03-18 01:08:54,606 [INFO] ============================================================
2026-03-18 01:08:54,606 [INFO] E-COMMERCE DATA PIPELINE STARTING
2026-03-18 01:08:54,606 [INFO] Mode: FULL RUN
2026-03-18 01:08:54,606 [INFO] Phase: ALL
2026-03-18 01:08:54,606 [INFO] Started at: 2026-03-18 01:08:54
2026-03-18 01:08:54,606 [INFO] ============================================================
2026-03-18 01:08:55,032 [INFO] 
--- PHASE 1: EXTRACT ---
2026-03-18 01:08:55,032 [INFO] ==================================================
2026-03-18 01:08:55,032 [INFO] EXTRACT PHASE STARTING
2026-03-18 01:08:55,032 [INFO] ==================================================
2026-03-18 01:08:55,032 [INFO] Reading orders from data/raw/olist_orders_dataset.csv...
2026-03-18 01:08:55,335 [INFO]   -> 99,441 rows loaded
2026-03-18 01:08:55,335 [INFO] Reading order_items from data/raw/olist_order_items_dataset.csv...
2026-03-18 01:08:55,488 [INFO]   -> 112,650 rows loaded
2026-03-18 01:08:55,489 [INFO] Reading customers from data/raw/olist_customers_dataset.csv...
2026-03-18 01:08:55,572 [INFO]   -> 99,441 rows loaded
2026-03-18 01:08:55,572 [INFO] Reading products from data/raw/olist_products_dataset.csv...
2026-03-18 01:08:55,597 [INFO]   -> 32,951 rows loaded
2026-03-18 01:08:55,597 [INFO] Reading sellers from data/raw/olist_sellers_dataset.csv...
2026-03-18 01:08:55,600 [INFO]   -> 3,095 rows loaded
2026-03-18 01:08:55,600 [INFO] Reading payments from data/raw/olist_order_payments_dataset.csv...
2026-03-18 01:08:55,659 [INFO]   -> 103,886 rows loaded
2026-03-18 01:08:55,659 [INFO] Reading reviews from data/raw/olist_order_reviews_dataset.csv...
2026-03-18 01:08:55,840 [INFO]   -> 99,224 rows loaded
2026-03-18 01:08:55,840 [INFO] Reading geolocation from data/raw/olist_geolocation_dataset.csv...
2026-03-18 01:08:56,251 [INFO]   -> 1,000,163 rows loaded
2026-03-18 01:08:56,252 [INFO] 
Extraction complete. 8 datasets loaded.
2026-03-18 01:08:56,252 [INFO]   OK orders: 99,441 rows (as expected)
2026-03-18 01:08:56,252 [INFO]   OK order_items: 112,650 rows (as expected)
2026-03-18 01:08:56,252 [INFO]   OK customers: 99,441 rows (as expected)
2026-03-18 01:08:56,252 [INFO]   OK products: 32,951 rows (as expected)
2026-03-18 01:08:56,252 [INFO]   OK sellers: 3,095 rows (as expected)
2026-03-18 01:08:56,252 [INFO]   OK payments: 103,886 rows (as expected)
2026-03-18 01:08:56,252 [WARNING] Row count mismatch for 'reviews': expected 100,000, got 99,224
2026-03-18 01:08:56,252 [INFO]   OK geolocation: 1,000,163 rows (as expected)
2026-03-18 01:08:56,252 [INFO] Extract completed in 1.2s
2026-03-18 01:08:56,252 [INFO] 
--- PHASE 2: TRANSFORM ---
2026-03-18 01:08:56,252 [INFO] ==================================================
2026-03-18 01:08:56,252 [INFO] TRANSFORM PHASE STARTING
2026-03-18 01:08:56,252 [INFO] ==================================================
2026-03-18 01:08:56,252 [INFO] Cleaning orders...
2026-03-18 01:08:56,278 [INFO]   Orders: 99,441 -> 99,441 rows after cleaning
2026-03-18 01:08:56,279 [INFO] Cleaning customers...
2026-03-18 01:08:56,326 [INFO]   Customers: 99,441 -> 99,441 rows after cleaning
2026-03-18 01:08:56,326 [INFO] Cleaning products...
2026-03-18 01:08:56,330 [INFO]   Products: 32,951 rows cleaned
2026-03-18 01:08:56,330 [INFO] Cleaning sellers...
2026-03-18 01:08:56,333 [INFO]   Sellers: 3,095 rows cleaned
2026-03-18 01:08:56,333 [INFO] Cleaning payments...
2026-03-18 01:08:56,340 [INFO]   Payments: 103,886 -> 103,877 rows after cleaning
2026-03-18 01:08:56,340 [INFO] Cleaning reviews...
2026-03-18 01:08:56,392 [INFO]   Reviews: 99,224 -> 98,673 rows after cleaning
2026-03-18 01:08:56,409 [INFO] Enriching orders...
2026-03-18 01:08:56,615 [INFO]   Enriched orders: 99,441 rows
2026-03-18 01:08:56,616 [INFO] Building date dimension...
2026-03-18 01:08:56,635 [INFO]   Date dimension: 1,461 rows (2016-01-01 to 2019-12-31)
2026-03-18 01:08:56,635 [INFO] 
Transformation complete. 9 datasets ready.
2026-03-18 01:08:56,635 [INFO] Transform completed in 0.4s
2026-03-18 01:08:56,635 [INFO] 
--- PHASE 3: LOAD ---
2026-03-18 01:08:56,638 [INFO] Connecting to database...
2026-03-18 01:08:58,936 [INFO] Database engine created successfully
2026-03-18 01:08:59,232 [INFO] Schemas verified: staging, warehouse
2026-03-18 01:08:59,232 [INFO] ==================================================
2026-03-18 01:08:59,232 [INFO] LOADING TO STAGING SCHEMA
2026-03-18 01:08:59,232 [INFO] ==================================================
2026-03-18 01:08:59,235 [INFO] Loading 99,441 rows to staging.stg_orders...
2026-03-18 01:09:14,774 [INFO]   -> 99,441 rows confirmed in staging.stg_orders
2026-03-18 01:09:14,777 [INFO] Loading 99,441 rows to staging.stg_customers...
2026-03-18 01:09:18,934 [INFO]   -> 99,441 rows confirmed in staging.stg_customers
2026-03-18 01:09:18,935 [INFO] Loading 32,951 rows to staging.stg_products...
2026-03-18 01:09:21,743 [INFO]   -> 32,951 rows confirmed in staging.stg_products
2026-03-18 01:09:21,744 [INFO] Loading 3,095 rows to staging.stg_sellers...
2026-03-18 01:09:21,960 [INFO]   -> 3,095 rows confirmed in staging.stg_sellers
2026-03-18 01:09:21,960 [INFO] Loading 103,877 rows to staging.stg_payments...
2026-03-18 01:09:26,448 [INFO]   -> 103,877 rows confirmed in staging.stg_payments
2026-03-18 01:09:26,449 [INFO] Loading 98,673 rows to staging.stg_reviews...
2026-03-18 01:09:32,634 [INFO]   -> 98,673 rows confirmed in staging.stg_reviews
2026-03-18 01:09:32,635 [INFO] Loading 112,650 rows to staging.stg_order_items...
2026-03-18 01:09:39,611 [INFO]   -> 112,650 rows confirmed in staging.stg_order_items
2026-03-18 01:09:39,612 [INFO] Loading 1,461 rows to staging.stg_dim_date...
2026-03-18 01:09:39,759 [INFO]   -> 1,461 rows confirmed in staging.stg_dim_date
2026-03-18 01:09:39,760 [INFO] 
==================================================
2026-03-18 01:09:39,760 [INFO] LOAD SUMMARY
2026-03-18 01:09:39,760 [INFO] ==================================================
2026-03-18 01:09:39,760 [INFO]   stg_orders                         99,441 rows
2026-03-18 01:09:39,760 [INFO]   stg_customers                      99,441 rows
2026-03-18 01:09:39,761 [INFO]   stg_products                       32,951 rows
2026-03-18 01:09:39,761 [INFO]   stg_sellers                         3,095 rows
2026-03-18 01:09:39,761 [INFO]   stg_payments                      103,877 rows
2026-03-18 01:09:39,761 [INFO]   stg_reviews                        98,673 rows
2026-03-18 01:09:39,761 [INFO]   stg_order_items                   112,650 rows
2026-03-18 01:09:39,761 [INFO]   stg_dim_date                        1,461 rows
2026-03-18 01:09:39,761 [INFO]   TOTAL                             551,589 rows
2026-03-18 01:09:39,761 [INFO] ==================================================
2026-03-18 01:09:39,761 [INFO] Load completed in 43.1s
2026-03-18 01:09:39,761 [INFO] 
============================================================
2026-03-18 01:09:39,761 [INFO] PIPELINE COMPLETE
2026-03-18 01:09:39,761 [INFO] Total runtime: 45.2s (0.8 min)
2026-03-18 01:09:39,762 [INFO] ============================================================
